<?xml version="1.0" encoding="UTF-8"?>
<!-- Generated by org.testng.reporters.JUnitXMLReporter -->
<testsuite ignored="6" hostname="LTIN300109" failures="0" tests="6" name="Test" time="77.971" errors="0" timestamp="2024-08-20T11:05:07 IST">
  <testcase classname="testcases.TS001_CareerLattice" name="TC001_careerlatticepageactions" time="14.966"/>
  <testcase classname="testcases.TS002_Uploadresume" name="TC002_003_uploadresumepageactions" time="31.193"/>
  <testcase classname="testcases.TS003_Skillprofile" name="TC004_Skillprofilepageactions" time="4.53"/>
  <testcase classname="testcases.TS003_Skillprofile" name="TC005_filterskillactions" time="7.38"/>
  <testcase classname="testcases.TS004_SkillUp" name="TC006_Employeeacquireskills" time="3.677"/>
  <testcase classname="testcases.TS004_SkillUp" name="TC007_Developmentplanactions" time="8.118"/>
  <testcase classname="testbase.BaseClass" name="@AfterTest tearDown" time="0.0">
    <ignored/>
  </testcase> <!-- @AfterTest tearDown -->
  <testcase classname="testbase.BaseClass" name="@BeforeTest setup" time="0.0">
    <ignored/>
  </testcase> <!-- @BeforeTest setup -->
  <testcase classname="testbase.BaseClass" name="@BeforeTest setup" time="0.0">
    <ignored/>
  </testcase> <!-- @BeforeTest setup -->
  <testcase classname="testbase.BaseClass" name="@BeforeTest setup" time="0.0">
    <ignored/>
  </testcase> <!-- @BeforeTest setup -->
  <testcase classname="testbase.BaseClass" name="@AfterTest tearDown" time="0.0">
    <ignored/>
  </testcase> <!-- @AfterTest tearDown -->
  <testcase classname="testbase.BaseClass" name="@AfterTest tearDown" time="0.0">
    <ignored/>
  </testcase> <!-- @AfterTest tearDown -->
</testsuite> <!-- Test -->
